The target system is: Generic - 1 - ARM
The host system is: Linux - 4.15.0-36-generic - x86_64
Checking whether the ASM compiler is GNU using "--version" matched "(GNU assembler)|(GCC)|(Free Software Foundation)":
arm-none-eabi-gcc (GNU Tools for Arm Embedded Processors 7-2018-q2-update) 7.3.1 20180622 (release) [ARM/embedded-7-branch revision 261907]
Copyright (C) 2017 Free Software Foundation, Inc.
This is free software; see the source for copying conditions.  There is NO
warranty; not even for MERCHANTABILITY or FITNESS FOR A PARTICULAR PURPOSE.

Compiling the C compiler identification source file "CMakeCCompilerId.c" succeeded.
Compiler: /home/p/gcc4arm/bin/arm-none-eabi-gcc 
Build flags: ;-g;-O2;-Wall;;-mlittle-endian;-mthumb;-mcpu=cortex-m0;-march=armv6s-m;;-ffreestanding;-nostdlib;
Id flags:  

The output was:
0
/home/p/gcc-arm-none-eabi-7-2018-q2-update/bin/../lib/gcc/arm-none-eabi/7.3.1/../../../../arm-none-eabi/bin/ld: warning: cannot find entry symbol _start; defaulting to 0000000000008000


Compilation of the C compiler identification source "CMakeCCompilerId.c" produced "a.out"

The C compiler identification is GNU, found in "/home/p/Documents/GitHub/stmApp/build/CMakeFiles/3.10.2/CompilerIdC/a.out"

Determining if the C compiler works passed with the following output:
Change Dir: /home/p/Documents/GitHub/stmApp/build/CMakeFiles/CMakeTmp

Run Build Command:"/usr/bin/make" "cmTC_e5151/fast"
/usr/bin/make -f CMakeFiles/cmTC_e5151.dir/build.make CMakeFiles/cmTC_e5151.dir/build
make[1]: Entering directory '/home/p/Documents/GitHub/stmApp/build/CMakeFiles/CMakeTmp'
Building C object CMakeFiles/cmTC_e5151.dir/testCCompiler.c.obj
/home/p/gcc4arm/bin/arm-none-eabi-gcc    -o CMakeFiles/cmTC_e5151.dir/testCCompiler.c.obj   -c /home/p/Documents/GitHub/stmApp/build/CMakeFiles/CMakeTmp/testCCompiler.c
Linking C executable cmTC_e5151
/usr/bin/cmake -E cmake_link_script CMakeFiles/cmTC_e5151.dir/link.txt --verbose=1
/home/p/gcc4arm/bin/arm-none-eabi-gcc    --specs=nosys.specs  CMakeFiles/cmTC_e5151.dir/testCCompiler.c.obj  -o cmTC_e5151 
make[1]: Leaving directory '/home/p/Documents/GitHub/stmApp/build/CMakeFiles/CMakeTmp'


Detecting C compiler ABI info compiled with the following output:
Change Dir: /home/p/Documents/GitHub/stmApp/build/CMakeFiles/CMakeTmp

Run Build Command:"/usr/bin/make" "cmTC_ce9c4/fast"
/usr/bin/make -f CMakeFiles/cmTC_ce9c4.dir/build.make CMakeFiles/cmTC_ce9c4.dir/build
make[1]: Entering directory '/home/p/Documents/GitHub/stmApp/build/CMakeFiles/CMakeTmp'
Building C object CMakeFiles/cmTC_ce9c4.dir/CMakeCCompilerABI.c.obj
/home/p/gcc4arm/bin/arm-none-eabi-gcc    -o CMakeFiles/cmTC_ce9c4.dir/CMakeCCompilerABI.c.obj   -c /usr/share/cmake-3.10/Modules/CMakeCCompilerABI.c
Linking C executable cmTC_ce9c4
/usr/bin/cmake -E cmake_link_script CMakeFiles/cmTC_ce9c4.dir/link.txt --verbose=1
/home/p/gcc4arm/bin/arm-none-eabi-gcc    --specs=nosys.specs -v CMakeFiles/cmTC_ce9c4.dir/CMakeCCompilerABI.c.obj  -o cmTC_ce9c4 
Using built-in specs.
Reading specs from /home/p/gcc-arm-none-eabi-7-2018-q2-update/bin/../lib/gcc/arm-none-eabi/7.3.1/../../../../arm-none-eabi/lib/nosys.specs
rename spec link_gcc_c_sequence to nosys_link_gcc_c_sequence
COLLECT_GCC=/home/p/gcc4arm/bin/arm-none-eabi-gcc
COLLECT_LTO_WRAPPER=/home/p/gcc-arm-none-eabi-7-2018-q2-update/bin/../lib/gcc/arm-none-eabi/7.3.1/lto-wrapper
Target: arm-none-eabi
Configured with: /tmp/jenkins/jenkins-GCC-7-build_toolchain_docker-775_20180622_1529687456/src/gcc/configure --target=arm-none-eabi --prefix=/tmp/jenkins/jenkins-GCC-7-build_toolchain_docker-775_20180622_1529687456/install-native --libexecdir=/tmp/jenkins/jenkins-GCC-7-build_toolchain_docker-775_20180622_1529687456/install-native/lib --infodir=/tmp/jenkins/jenkins-GCC-7-build_toolchain_docker-775_20180622_1529687456/install-native/share/doc/gcc-arm-none-eabi/info --mandir=/tmp/jenkins/jenkins-GCC-7-build_toolchain_docker-775_20180622_1529687456/install-native/share/doc/gcc-arm-none-eabi/man --htmldir=/tmp/jenkins/jenkins-GCC-7-build_toolchain_docker-775_20180622_1529687456/install-native/share/doc/gcc-arm-none-eabi/html --pdfdir=/tmp/jenkins/jenkins-GCC-7-build_toolchain_docker-775_20180622_1529687456/install-native/share/doc/gcc-arm-none-eabi/pdf --enable-languages=c,c++ --enable-plugins --disable-decimal-float --disable-libffi --disable-libgomp --disable-libmudflap --disable-libquadmath --disable-libssp --disable-libstdcxx-pch --disable-nls --disable-shared --disable-threads --disable-tls --with-gnu-as --with-gnu-ld --with-newlib --with-headers=yes --with-python-dir=share/gcc-arm-none-eabi --with-sysroot=/tmp/jenkins/jenkins-GCC-7-build_toolchain_docker-775_20180622_1529687456/install-native/arm-none-eabi --build=x86_64-linux-gnu --host=x86_64-linux-gnu --with-gmp=/tmp/jenkins/jenkins-GCC-7-build_toolchain_docker-775_20180622_1529687456/build-native/host-libs/usr --with-mpfr=/tmp/jenkins/jenkins-GCC-7-build_toolchain_docker-775_20180622_1529687456/build-native/host-libs/usr --with-mpc=/tmp/jenkins/jenkins-GCC-7-build_toolchain_docker-775_20180622_1529687456/build-native/host-libs/usr --with-isl=/tmp/jenkins/jenkins-GCC-7-build_toolchain_docker-775_20180622_1529687456/build-native/host-libs/usr --with-libelf=/tmp/jenkins/jenkins-GCC-7-build_toolchain_docker-775_20180622_1529687456/build-native/host-libs/usr --with-host-libstdcxx='-static-libgcc -Wl,-Bstatic,-lstdc++,-Bdynamic -lm' --with-pkgversion='GNU Tools for Arm Embedded Processors 7-2018-q2-update' --with-multilib-list=rmprofile
Thread model: single
gcc version 7.3.1 20180622 (release) [ARM/embedded-7-branch revision 261907] (GNU Tools for Arm Embedded Processors 7-2018-q2-update) 
COMPILER_PATH=/home/p/gcc-arm-none-eabi-7-2018-q2-update/bin/../lib/gcc/arm-none-eabi/7.3.1/:/home/p/gcc-arm-none-eabi-7-2018-q2-update/bin/../lib/gcc/:/home/p/gcc-arm-none-eabi-7-2018-q2-update/bin/../lib/gcc/arm-none-eabi/7.3.1/../../../../arm-none-eabi/bin/
LIBRARY_PATH=/home/p/gcc-arm-none-eabi-7-2018-q2-update/bin/../lib/gcc/arm-none-eabi/7.3.1/:/home/p/gcc-arm-none-eabi-7-2018-q2-update/bin/../lib/gcc/:/home/p/gcc-arm-none-eabi-7-2018-q2-update/bin/../lib/gcc/arm-none-eabi/7.3.1/../../../../arm-none-eabi/lib/:/home/p/gcc-arm-none-eabi-7-2018-q2-update/bin/../arm-none-eabi/lib/
COLLECT_GCC_OPTIONS='-specs=nosys.specs' '-v' '-o' 'cmTC_ce9c4'
 /home/p/gcc-arm-none-eabi-7-2018-q2-update/bin/../lib/gcc/arm-none-eabi/7.3.1/collect2 -plugin /home/p/gcc-arm-none-eabi-7-2018-q2-update/bin/../lib/gcc/arm-none-eabi/7.3.1/liblto_plugin.so -plugin-opt=/home/p/gcc-arm-none-eabi-7-2018-q2-update/bin/../lib/gcc/arm-none-eabi/7.3.1/lto-wrapper -plugin-opt=-fresolution=/tmp/ccRYDswk.res -plugin-opt=-pass-through=-lgcc -plugin-opt=-pass-through=-lc -plugin-opt=-pass-through=-lgcc -plugin-opt=-pass-through=-lc -plugin-opt=-pass-through=-lnosys --sysroot=/home/p/gcc-arm-none-eabi-7-2018-q2-update/bin/../arm-none-eabi -X -o cmTC_ce9c4 /home/p/gcc-arm-none-eabi-7-2018-q2-update/bin/../lib/gcc/arm-none-eabi/7.3.1/crti.o /home/p/gcc-arm-none-eabi-7-2018-q2-update/bin/../lib/gcc/arm-none-eabi/7.3.1/crtbegin.o /home/p/gcc-arm-none-eabi-7-2018-q2-update/bin/../lib/gcc/arm-none-eabi/7.3.1/../../../../arm-none-eabi/lib/crt0.o -L/home/p/gcc-arm-none-eabi-7-2018-q2-update/bin/../lib/gcc/arm-none-eabi/7.3.1 -L/home/p/gcc-arm-none-eabi-7-2018-q2-update/bin/../lib/gcc -L/home/p/gcc-arm-none-eabi-7-2018-q2-update/bin/../lib/gcc/arm-none-eabi/7.3.1/../../../../arm-none-eabi/lib -L/home/p/gcc-arm-none-eabi-7-2018-q2-update/bin/../arm-none-eabi/lib CMakeFiles/cmTC_ce9c4.dir/CMakeCCompilerABI.c.obj --start-group -lgcc -lc --end-group --start-group -lgcc -lc -lnosys --end-group /home/p/gcc-arm-none-eabi-7-2018-q2-update/bin/../lib/gcc/arm-none-eabi/7.3.1/crtend.o /home/p/gcc-arm-none-eabi-7-2018-q2-update/bin/../lib/gcc/arm-none-eabi/7.3.1/crtn.o
COLLECT_GCC_OPTIONS='-specs=nosys.specs' '-v' '-o' 'cmTC_ce9c4'
make[1]: Leaving directory '/home/p/Documents/GitHub/stmApp/build/CMakeFiles/CMakeTmp'


Parsed C implicit link information from above output:
  link line regex: [^( *|.*[/\])(arm-none-eabi-ld|CMAKE_LINK_STARTFILE-NOTFOUND|([^/\]+-)?ld|collect2)[^/\]*( |$)]
  ignore line: [Change Dir: /home/p/Documents/GitHub/stmApp/build/CMakeFiles/CMakeTmp]
  ignore line: []
  ignore line: [Run Build Command:"/usr/bin/make" "cmTC_ce9c4/fast"]
  ignore line: [/usr/bin/make -f CMakeFiles/cmTC_ce9c4.dir/build.make CMakeFiles/cmTC_ce9c4.dir/build]
  ignore line: [make[1]: Entering directory '/home/p/Documents/GitHub/stmApp/build/CMakeFiles/CMakeTmp']
  ignore line: [Building C object CMakeFiles/cmTC_ce9c4.dir/CMakeCCompilerABI.c.obj]
  ignore line: [/home/p/gcc4arm/bin/arm-none-eabi-gcc    -o CMakeFiles/cmTC_ce9c4.dir/CMakeCCompilerABI.c.obj   -c /usr/share/cmake-3.10/Modules/CMakeCCompilerABI.c]
  ignore line: [Linking C executable cmTC_ce9c4]
  ignore line: [/usr/bin/cmake -E cmake_link_script CMakeFiles/cmTC_ce9c4.dir/link.txt --verbose=1]
  ignore line: [/home/p/gcc4arm/bin/arm-none-eabi-gcc    --specs=nosys.specs -v CMakeFiles/cmTC_ce9c4.dir/CMakeCCompilerABI.c.obj  -o cmTC_ce9c4 ]
  ignore line: [Using built-in specs.]
  ignore line: [Reading specs from /home/p/gcc-arm-none-eabi-7-2018-q2-update/bin/../lib/gcc/arm-none-eabi/7.3.1/../../../../arm-none-eabi/lib/nosys.specs]
  ignore line: [rename spec link_gcc_c_sequence to nosys_link_gcc_c_sequence]
  ignore line: [COLLECT_GCC=/home/p/gcc4arm/bin/arm-none-eabi-gcc]
  ignore line: [COLLECT_LTO_WRAPPER=/home/p/gcc-arm-none-eabi-7-2018-q2-update/bin/../lib/gcc/arm-none-eabi/7.3.1/lto-wrapper]
  ignore line: [Target: arm-none-eabi]
  ignore line: [Configured with: /tmp/jenkins/jenkins-GCC-7-build_toolchain_docker-775_20180622_1529687456/src/gcc/configure --target=arm-none-eabi --prefix=/tmp/jenkins/jenkins-GCC-7-build_toolchain_docker-775_20180622_1529687456/install-native --libexecdir=/tmp/jenkins/jenkins-GCC-7-build_toolchain_docker-775_20180622_1529687456/install-native/lib --infodir=/tmp/jenkins/jenkins-GCC-7-build_toolchain_docker-775_20180622_1529687456/install-native/share/doc/gcc-arm-none-eabi/info --mandir=/tmp/jenkins/jenkins-GCC-7-build_toolchain_docker-775_20180622_1529687456/install-native/share/doc/gcc-arm-none-eabi/man --htmldir=/tmp/jenkins/jenkins-GCC-7-build_toolchain_docker-775_20180622_1529687456/install-native/share/doc/gcc-arm-none-eabi/html --pdfdir=/tmp/jenkins/jenkins-GCC-7-build_toolchain_docker-775_20180622_1529687456/install-native/share/doc/gcc-arm-none-eabi/pdf --enable-languages=c,c++ --enable-plugins --disable-decimal-float --disable-libffi --disable-libgomp --disable-libmudflap --disable-libquadmath --disable-libssp --disable-libstdcxx-pch --disable-nls --disable-shared --disable-threads --disable-tls --with-gnu-as --with-gnu-ld --with-newlib --with-headers=yes --with-python-dir=share/gcc-arm-none-eabi --with-sysroot=/tmp/jenkins/jenkins-GCC-7-build_toolchain_docker-775_20180622_1529687456/install-native/arm-none-eabi --build=x86_64-linux-gnu --host=x86_64-linux-gnu --with-gmp=/tmp/jenkins/jenkins-GCC-7-build_toolchain_docker-775_20180622_1529687456/build-native/host-libs/usr --with-mpfr=/tmp/jenkins/jenkins-GCC-7-build_toolchain_docker-775_20180622_1529687456/build-native/host-libs/usr --with-mpc=/tmp/jenkins/jenkins-GCC-7-build_toolchain_docker-775_20180622_1529687456/build-native/host-libs/usr --with-isl=/tmp/jenkins/jenkins-GCC-7-build_toolchain_docker-775_20180622_1529687456/build-native/host-libs/usr --with-libelf=/tmp/jenkins/jenkins-GCC-7-build_toolchain_docker-775_20180622_1529687456/build-native/host-libs/usr --with-host-libstdcxx='-static-libgcc -Wl,-Bstatic,-lstdc++,-Bdynamic -lm' --with-pkgversion='GNU Tools for Arm Embedded Processors 7-2018-q2-update' --with-multilib-list=rmprofile]
  ignore line: [Thread model: single]
  ignore line: [gcc version 7.3.1 20180622 (release) [ARM/embedded-7-branch revision 261907] (GNU Tools for Arm Embedded Processors 7-2018-q2-update) ]
  ignore line: [COMPILER_PATH=/home/p/gcc-arm-none-eabi-7-2018-q2-update/bin/../lib/gcc/arm-none-eabi/7.3.1/:/home/p/gcc-arm-none-eabi-7-2018-q2-update/bin/../lib/gcc/:/home/p/gcc-arm-none-eabi-7-2018-q2-update/bin/../lib/gcc/arm-none-eabi/7.3.1/../../../../arm-none-eabi/bin/]
  ignore line: [LIBRARY_PATH=/home/p/gcc-arm-none-eabi-7-2018-q2-update/bin/../lib/gcc/arm-none-eabi/7.3.1/:/home/p/gcc-arm-none-eabi-7-2018-q2-update/bin/../lib/gcc/:/home/p/gcc-arm-none-eabi-7-2018-q2-update/bin/../lib/gcc/arm-none-eabi/7.3.1/../../../../arm-none-eabi/lib/:/home/p/gcc-arm-none-eabi-7-2018-q2-update/bin/../arm-none-eabi/lib/]
  ignore line: [COLLECT_GCC_OPTIONS='-specs=nosys.specs' '-v' '-o' 'cmTC_ce9c4']
  link line: [ /home/p/gcc-arm-none-eabi-7-2018-q2-update/bin/../lib/gcc/arm-none-eabi/7.3.1/collect2 -plugin /home/p/gcc-arm-none-eabi-7-2018-q2-update/bin/../lib/gcc/arm-none-eabi/7.3.1/liblto_plugin.so -plugin-opt=/home/p/gcc-arm-none-eabi-7-2018-q2-update/bin/../lib/gcc/arm-none-eabi/7.3.1/lto-wrapper -plugin-opt=-fresolution=/tmp/ccRYDswk.res -plugin-opt=-pass-through=-lgcc -plugin-opt=-pass-through=-lc -plugin-opt=-pass-through=-lgcc -plugin-opt=-pass-through=-lc -plugin-opt=-pass-through=-lnosys --sysroot=/home/p/gcc-arm-none-eabi-7-2018-q2-update/bin/../arm-none-eabi -X -o cmTC_ce9c4 /home/p/gcc-arm-none-eabi-7-2018-q2-update/bin/../lib/gcc/arm-none-eabi/7.3.1/crti.o /home/p/gcc-arm-none-eabi-7-2018-q2-update/bin/../lib/gcc/arm-none-eabi/7.3.1/crtbegin.o /home/p/gcc-arm-none-eabi-7-2018-q2-update/bin/../lib/gcc/arm-none-eabi/7.3.1/../../../../arm-none-eabi/lib/crt0.o -L/home/p/gcc-arm-none-eabi-7-2018-q2-update/bin/../lib/gcc/arm-none-eabi/7.3.1 -L/home/p/gcc-arm-none-eabi-7-2018-q2-update/bin/../lib/gcc -L/home/p/gcc-arm-none-eabi-7-2018-q2-update/bin/../lib/gcc/arm-none-eabi/7.3.1/../../../../arm-none-eabi/lib -L/home/p/gcc-arm-none-eabi-7-2018-q2-update/bin/../arm-none-eabi/lib CMakeFiles/cmTC_ce9c4.dir/CMakeCCompilerABI.c.obj --start-group -lgcc -lc --end-group --start-group -lgcc -lc -lnosys --end-group /home/p/gcc-arm-none-eabi-7-2018-q2-update/bin/../lib/gcc/arm-none-eabi/7.3.1/crtend.o /home/p/gcc-arm-none-eabi-7-2018-q2-update/bin/../lib/gcc/arm-none-eabi/7.3.1/crtn.o]
    arg [/home/p/gcc-arm-none-eabi-7-2018-q2-update/bin/../lib/gcc/arm-none-eabi/7.3.1/collect2] ==> ignore
    arg [-plugin] ==> ignore
    arg [/home/p/gcc-arm-none-eabi-7-2018-q2-update/bin/../lib/gcc/arm-none-eabi/7.3.1/liblto_plugin.so] ==> ignore
    arg [-plugin-opt=/home/p/gcc-arm-none-eabi-7-2018-q2-update/bin/../lib/gcc/arm-none-eabi/7.3.1/lto-wrapper] ==> ignore
    arg [-plugin-opt=-fresolution=/tmp/ccRYDswk.res] ==> ignore
    arg [-plugin-opt=-pass-through=-lgcc] ==> ignore
    arg [-plugin-opt=-pass-through=-lc] ==> ignore
    arg [-plugin-opt=-pass-through=-lgcc] ==> ignore
    arg [-plugin-opt=-pass-through=-lc] ==> ignore
    arg [-plugin-opt=-pass-through=-lnosys] ==> ignore
    arg [--sysroot=/home/p/gcc-arm-none-eabi-7-2018-q2-update/bin/../arm-none-eabi] ==> ignore
    arg [-X] ==> ignore
    arg [-o] ==> ignore
    arg [cmTC_ce9c4] ==> ignore
    arg [/home/p/gcc-arm-none-eabi-7-2018-q2-update/bin/../lib/gcc/arm-none-eabi/7.3.1/crti.o] ==> ignore
    arg [/home/p/gcc-arm-none-eabi-7-2018-q2-update/bin/../lib/gcc/arm-none-eabi/7.3.1/crtbegin.o] ==> ignore
    arg [/home/p/gcc-arm-none-eabi-7-2018-q2-update/bin/../lib/gcc/arm-none-eabi/7.3.1/../../../../arm-none-eabi/lib/crt0.o] ==> ignore
    arg [-L/home/p/gcc-arm-none-eabi-7-2018-q2-update/bin/../lib/gcc/arm-none-eabi/7.3.1] ==> dir [/home/p/gcc-arm-none-eabi-7-2018-q2-update/bin/../lib/gcc/arm-none-eabi/7.3.1]
    arg [-L/home/p/gcc-arm-none-eabi-7-2018-q2-update/bin/../lib/gcc] ==> dir [/home/p/gcc-arm-none-eabi-7-2018-q2-update/bin/../lib/gcc]
    arg [-L/home/p/gcc-arm-none-eabi-7-2018-q2-update/bin/../lib/gcc/arm-none-eabi/7.3.1/../../../../arm-none-eabi/lib] ==> dir [/home/p/gcc-arm-none-eabi-7-2018-q2-update/bin/../lib/gcc/arm-none-eabi/7.3.1/../../../../arm-none-eabi/lib]
    arg [-L/home/p/gcc-arm-none-eabi-7-2018-q2-update/bin/../arm-none-eabi/lib] ==> dir [/home/p/gcc-arm-none-eabi-7-2018-q2-update/bin/../arm-none-eabi/lib]
    arg [CMakeFiles/cmTC_ce9c4.dir/CMakeCCompilerABI.c.obj] ==> ignore
    arg [--start-group] ==> ignore
    arg [-lgcc] ==> lib [gcc]
    arg [-lc] ==> lib [c]
    arg [--end-group] ==> ignore
    arg [--start-group] ==> ignore
    arg [-lgcc] ==> lib [gcc]
    arg [-lc] ==> lib [c]
    arg [-lnosys] ==> lib [nosys]
    arg [--end-group] ==> ignore
    arg [/home/p/gcc-arm-none-eabi-7-2018-q2-update/bin/../lib/gcc/arm-none-eabi/7.3.1/crtend.o] ==> ignore
    arg [/home/p/gcc-arm-none-eabi-7-2018-q2-update/bin/../lib/gcc/arm-none-eabi/7.3.1/crtn.o] ==> ignore
  collapse library dir [/home/p/gcc-arm-none-eabi-7-2018-q2-update/bin/../lib/gcc/arm-none-eabi/7.3.1] ==> [/home/p/gcc-arm-none-eabi-7-2018-q2-update/lib/gcc/arm-none-eabi/7.3.1]
  collapse library dir [/home/p/gcc-arm-none-eabi-7-2018-q2-update/bin/../lib/gcc] ==> [/home/p/gcc-arm-none-eabi-7-2018-q2-update/lib/gcc]
  collapse library dir [/home/p/gcc-arm-none-eabi-7-2018-q2-update/bin/../lib/gcc/arm-none-eabi/7.3.1/../../../../arm-none-eabi/lib] ==> [/home/p/gcc-arm-none-eabi-7-2018-q2-update/arm-none-eabi/lib]
  collapse library dir [/home/p/gcc-arm-none-eabi-7-2018-q2-update/bin/../arm-none-eabi/lib] ==> [/home/p/gcc-arm-none-eabi-7-2018-q2-update/arm-none-eabi/lib]
  implicit libs: [gcc;c;gcc;c;nosys]
  implicit dirs: [/home/p/gcc-arm-none-eabi-7-2018-q2-update/lib/gcc/arm-none-eabi/7.3.1;/home/p/gcc-arm-none-eabi-7-2018-q2-update/lib/gcc;/home/p/gcc-arm-none-eabi-7-2018-q2-update/arm-none-eabi/lib]
  implicit fwks: []




Detecting C [-std=c11] compiler features compiled with the following output:
Change Dir: /home/p/Documents/GitHub/stmApp/build/CMakeFiles/CMakeTmp

Run Build Command:"/usr/bin/make" "cmTC_68fe1/fast"
/usr/bin/make -f CMakeFiles/cmTC_68fe1.dir/build.make CMakeFiles/cmTC_68fe1.dir/build
make[1]: Entering directory '/home/p/Documents/GitHub/stmApp/build/CMakeFiles/CMakeTmp'
Building C object CMakeFiles/cmTC_68fe1.dir/feature_tests.c.obj
/home/p/gcc4arm/bin/arm-none-eabi-gcc   -std=c11 -o CMakeFiles/cmTC_68fe1.dir/feature_tests.c.obj   -c /home/p/Documents/GitHub/stmApp/build/CMakeFiles/feature_tests.c
Linking C executable cmTC_68fe1
/usr/bin/cmake -E cmake_link_script CMakeFiles/cmTC_68fe1.dir/link.txt --verbose=1
/home/p/gcc4arm/bin/arm-none-eabi-gcc    --specs=nosys.specs  CMakeFiles/cmTC_68fe1.dir/feature_tests.c.obj  -o cmTC_68fe1 
make[1]: Leaving directory '/home/p/Documents/GitHub/stmApp/build/CMakeFiles/CMakeTmp'


    Feature record: C_FEATURE:1c_function_prototypes
    Feature record: C_FEATURE:1c_restrict
    Feature record: C_FEATURE:1c_static_assert
    Feature record: C_FEATURE:1c_variadic_macros


Detecting C [-std=c99] compiler features compiled with the following output:
Change Dir: /home/p/Documents/GitHub/stmApp/build/CMakeFiles/CMakeTmp

Run Build Command:"/usr/bin/make" "cmTC_50fce/fast"
/usr/bin/make -f CMakeFiles/cmTC_50fce.dir/build.make CMakeFiles/cmTC_50fce.dir/build
make[1]: Entering directory '/home/p/Documents/GitHub/stmApp/build/CMakeFiles/CMakeTmp'
Building C object CMakeFiles/cmTC_50fce.dir/feature_tests.c.obj
/home/p/gcc4arm/bin/arm-none-eabi-gcc   -std=c99 -o CMakeFiles/cmTC_50fce.dir/feature_tests.c.obj   -c /home/p/Documents/GitHub/stmApp/build/CMakeFiles/feature_tests.c
Linking C executable cmTC_50fce
/usr/bin/cmake -E cmake_link_script CMakeFiles/cmTC_50fce.dir/link.txt --verbose=1
/home/p/gcc4arm/bin/arm-none-eabi-gcc    --specs=nosys.specs  CMakeFiles/cmTC_50fce.dir/feature_tests.c.obj  -o cmTC_50fce 
make[1]: Leaving directory '/home/p/Documents/GitHub/stmApp/build/CMakeFiles/CMakeTmp'


    Feature record: C_FEATURE:1c_function_prototypes
    Feature record: C_FEATURE:1c_restrict
    Feature record: C_FEATURE:0c_static_assert
    Feature record: C_FEATURE:1c_variadic_macros


Detecting C [-std=c90] compiler features compiled with the following output:
Change Dir: /home/p/Documents/GitHub/stmApp/build/CMakeFiles/CMakeTmp

Run Build Command:"/usr/bin/make" "cmTC_be540/fast"
/usr/bin/make -f CMakeFiles/cmTC_be540.dir/build.make CMakeFiles/cmTC_be540.dir/build
make[1]: Entering directory '/home/p/Documents/GitHub/stmApp/build/CMakeFiles/CMakeTmp'
Building C object CMakeFiles/cmTC_be540.dir/feature_tests.c.obj
/home/p/gcc4arm/bin/arm-none-eabi-gcc   -std=c90 -o CMakeFiles/cmTC_be540.dir/feature_tests.c.obj   -c /home/p/Documents/GitHub/stmApp/build/CMakeFiles/feature_tests.c
Linking C executable cmTC_be540
/usr/bin/cmake -E cmake_link_script CMakeFiles/cmTC_be540.dir/link.txt --verbose=1
/home/p/gcc4arm/bin/arm-none-eabi-gcc    --specs=nosys.specs  CMakeFiles/cmTC_be540.dir/feature_tests.c.obj  -o cmTC_be540 
make[1]: Leaving directory '/home/p/Documents/GitHub/stmApp/build/CMakeFiles/CMakeTmp'


    Feature record: C_FEATURE:1c_function_prototypes
    Feature record: C_FEATURE:0c_restrict
    Feature record: C_FEATURE:0c_static_assert
    Feature record: C_FEATURE:0c_variadic_macros
